--- ANÁLISIS LÉXICO (TOKENS) ---
[1:1] TOKEN: KW_INT     | Valor: 'int'
[1:5] TOKEN: ID         | Valor: 'a'
[1:9] TOKEN: ENTERO     | Valor: '5'
[2:1] TOKEN: KW_FLOAT   | Valor: 'float'
[2:7] TOKEN: ID         | Valor: 'resultado'
[2:19] TOKEN: ID         | Valor: 'a'
[2:23] TOKEN: ENTERO     | Valor: '10'
[2:28] TOKEN: FLOTANTE     | Valor: '2.0'
[2:35] TOKEN: ENTERO     | Valor: '4'
[2:39] TOKEN: ENTERO     | Valor: '2'
Linea 2, Columna 42, Simbolo '$', Error: Caracter ilegal
[3:1] TOKEN: KW_WRITE   | Valor: 'Write'
[3:7] TOKEN: ID         | Valor: 'resultado'
[3:19] TOKEN: ENTERO     | Valor: '5'
[3:21] TOKEN: ENTERO     | Valor: '2'
Linea 3, Columna 23, Simbolo '
', Error: sintaxis invalida
Linea 4, Columna 1, Simbolo '
', Error: sintaxis invalida
Linea 5, Columna 1, Simbolo '
', Error: sintaxis invalida
Error de sintaxis: Fin de archivo inesperado

--- ÁRBOL DE SINTAXIS (AST) ---
None